app/build/intermediates/manifest_merge_blame_file/debug/manifest-merger-blame-debug-report.txt
1<?xml version="1.0" encoding="utf-8"?>
2<manifest xmlns:android="http://schemas.android.com/apk/res/android"
3    package="br.com.dio.businesscard"
4    android:versionCode="1"
5    android:versionName="1.0" >
6
7    <uses-sdk
8        android:minSdkVersion="21"
8-->src/main/AndroidManifest.xml
9        android:targetSdkVersion="30" />
9-->src/main/AndroidManifest.xml
10
11    <uses-permission android:name="android.permission.READ_EXTERNAL_STORAGE" />
11-->src/main/AndroidManifest.xml:5:5-6:66
11-->src/main/AndroidManifest.xml:6:9-64
12    <uses-permission android:name="android.permission.WRITE_EXTERNAL_STORAGE" />
12-->src/main/AndroidManifest.xml:7:5-9:39
12-->src/main/AndroidManifest.xml:8:9-65
13
14    <application
14-->src/main/AndroidManifest.xml:10:5-38:19
15        android:name="br.com.alexandre.businesscard.App"
15-->src/main/AndroidManifest.xml:11:9-28
16        android:allowBackup="true"
16-->src/main/AndroidManifest.xml:12:9-35
17        android:appComponentFactory="androidx.core.app.CoreComponentFactory"
17-->[androidx.core:core:1.3.1] AndroidManifest.xml:24:18-86
18        android:debuggable="true"
19        android:icon="@mipmap/ic_launcher"
19-->src/main/AndroidManifest.xml:13:9-43
20        android:label="@string/app_name"
20-->src/main/AndroidManifest.xml:14:9-41
21        android:roundIcon="@mipmap/ic_launcher_round"
21-->src/main/AndroidManifest.xml:15:9-54
22        android:supportsRtl="true"
22-->src/main/AndroidManifest.xml:16:9-35
23        android:testOnly="true"
24        android:theme="@style/Theme.BusinessCard" >
24-->src/main/AndroidManifest.xml:17:9-50
25        <activity android:name="br.com.alexandre.businesscard.ui.AddBusinessCardActivity" >
25-->src/main/AndroidManifest.xml:18:9-20:20
25-->src/main/AndroidManifest.xml:19:13-84
26        </activity>
27        <activity
27-->src/main/AndroidManifest.xml:21:9-28:20
28            android:name="br.com.alexandre.businesscard.ui.MainActivity"
28-->src/main/AndroidManifest.xml:22:13-73
29            android:exported="true" >
29-->src/main/AndroidManifest.xml:23:13-36
30            <intent-filter>
30-->src/main/AndroidManifest.xml:24:13-27:29
31                <action android:name="android.intent.action.MAIN" />
31-->src/main/AndroidManifest.xml:25:17-68
31-->src/main/AndroidManifest.xml:25:25-66
32
33                <category android:name="android.intent.category.LAUNCHER" />
33-->src/main/AndroidManifest.xml:26:17-76
33-->src/main/AndroidManifest.xml:26:27-74
34            </intent-filter>
35        </activity>
36
37        <provider
37-->src/main/AndroidManifest.xml:29:9-37:20
38            android:name="androidx.core.content.FileProvider"
38-->src/main/AndroidManifest.xml:30:13-62
39            android:authorities="br.com.alexandre.businesscard.fileprovider"
39-->src/main/AndroidManifest.xml:31:13-77
40            android:exported="false"
40-->src/main/AndroidManifest.xml:32:13-37
41            android:grantUriPermissions="true" >
41-->src/main/AndroidManifest.xml:33:13-47
42            <meta-data
42-->src/main/AndroidManifest.xml:34:13-36:57
43                android:name="android.support.FILE_PROVIDER_PATHS"
43-->src/main/AndroidManifest.xml:35:17-67
44                android:resource="@xml/provider_paths" />
44-->src/main/AndroidManifest.xml:36:17-55
45        </provider>
46
47        <service
47-->[androidx.room:room-runtime:2.3.0] AndroidManifest.xml:25:9-28:40
48            android:name="androidx.room.MultiInstanceInvalidationService"
48-->[androidx.room:room-runtime:2.3.0] AndroidManifest.xml:26:13-74
49            android:directBootAware="true"
49-->[androidx.room:room-runtime:2.3.0] AndroidManifest.xml:27:13-43
50            android:exported="false" />
50-->[androidx.room:room-runtime:2.3.0] AndroidManifest.xml:28:13-37
51    </application>
52
53</manifest>